thread id 0 searching from 0 to 16777216.
{(0,0), (0,2), (0,3), (0,4), (0,7), (0,9), (0,10), (1,0), (1,1), (1,3), (1,7), (1,8), (1,10)}
    (with seed 5813917)
{(0,1), (0,3), (0,4), (0,5), (0,8), (0,10), (0,11), (1,0), (1,1), (1,3), (1,7), (1,8), (1,10)}
    (with seed 5815610)
{(0,0), (0,2), (0,3), (0,4), (0,7), (0,9), (0,10), (0,11), (1,0), (1,1), (1,3), (1,7), (1,8), (1,10)}
    (with seed 5815965)
{(0,0), (0,1), (0,2), (0,5), (0,7), (0,8), (0,9), (0,10), (1,0), (1,1), (1,2), (1,3), (1,7), (1,8), (1,10)}
    (with seed 5830567)
{(0,1), (0,2), (0,3), (0,6), (0,8), (0,9), (0,10), (0,11), (1,0), (1,1), (1,2), (1,3), (1,7), (1,8), (1,10)}
    (with seed 5832526)
{(0,0), (0,2), (0,3), (0,7), (0,9), (0,10), (1,0), (1,1), (1,3), (1,6), (1,7), (1,8), (1,10)}
    (with seed 6076045)
{(0,1), (0,3), (0,4), (0,8), (0,10), (0,11), (1,0), (1,1), (1,3), (1,6), (1,7), (1,8), (1,10)}
    (with seed 6077722)
{(0,0), (0,1), (0,3), (0,6), (0,7), (0,8), (0,10), (1,0), (1,2), (1,3), (1,7), (1,9), (1,10)}
    (with seed 6870475)
{(0,1), (0,2), (0,4), (0,7), (0,8), (0,9), (0,11), (1,0), (1,2), (1,3), (1,7), (1,9), (1,10)}
    (with seed 6871958)
{(0,0), (0,1), (0,2), (0,4), (0,7), (0,8), (0,9), (0,11), (1,0), (1,2), (1,3), (1,7), (1,9), (1,10)}
    (with seed 6871959)
{(0,0), (0,1), (0,2), (0,4), (0,7), (0,8), (0,9), (0,10), (1,0), (1,1), (1,2), (1,3), (1,7), (1,9), (1,10)}
    (with seed 6879127)
{(0,1), (0,2), (0,3), (0,5), (0,8), (0,9), (0,10), (0,11), (1,0), (1,1), (1,2), (1,3), (1,7), (1,9), (1,10)}
    (with seed 6881070)
{(0,0), (0,1), (0,3), (0,7), (0,8), (0,10), (1,0), (1,2), (1,3), (1,4), (1,7), (1,9), (1,10)}
    (with seed 6935947)
{(0,1), (0,2), (0,4), (0,8), (0,9), (0,11), (1,0), (1,2), (1,3), (1,4), (1,7), (1,9), (1,10)}
    (with seed 6937366)
{(0,0), (0,2), (0,3), (0,7), (0,8), (0,9), (0,10), (1,0), (1,1), (1,2), (1,3), (1,5), (1,8), (1,9), (1,10)}
    (with seed 7534477)
{(0,1), (0,3), (0,4), (0,8), (0,9), (0,10), (0,11), (1,0), (1,1), (1,2), (1,3), (1,5), (1,8), (1,9), (1,10)}
    (with seed 7536410)
{(0,0), (0,1), (0,3), (0,7), (0,8), (0,9), (0,10), (1,0), (1,1), (1,2), (1,3), (1,6), (1,8), (1,9), (1,10)}
    (with seed 7665547)
{(0,1), (0,2), (0,4), (0,8), (0,9), (0,10), (0,11), (1,0), (1,1), (1,2), (1,3), (1,6), (1,8), (1,9), (1,10)}
    (with seed 7667478)
{(0,0), (0,1), (0,2), (0,3), (0,6), (0,8), (0,9), (0,10), (1,0), (1,1), (1,3), (1,7), (1,8), (1,9), (1,10)}
    (with seed 7911247)
{(0,1), (0,2), (0,3), (0,4), (0,7), (0,9), (0,10), (0,11), (1,0), (1,1), (1,3), (1,7), (1,8), (1,9), (1,10)}
    (with seed 7913118)
{(0,0), (0,1), (0,2), (0,3), (0,5), (0,8), (0,9), (0,10), (1,0), (1,2), (1,3), (1,7), (1,8), (1,9), (1,10)}
    (with seed 7919407)
{(0,1), (0,2), (0,3), (0,4), (0,6), (0,9), (0,10), (0,11), (1,0), (1,2), (1,3), (1,7), (1,8), (1,9), (1,10)}
    (with seed 7921246)
{(0,0), (0,1), (0,2), (0,3), (0,7), (0,9), (0,10), (1,0), (1,1), (1,2), (1,4), (1,7), (1,8), (1,9), (1,10)}
    (with seed 7960207)
{(0,1), (0,2), (0,3), (0,4), (0,8), (0,10), (0,11), (1,0), (1,1), (1,2), (1,4), (1,7), (1,8), (1,9), (1,10)}
    (with seed 7961886)
{(0,0), (0,1), (0,2), (0,3), (0,7), (0,8), (0,10), (1,0), (1,1), (1,2), (1,5), (1,7), (1,8), (1,9), (1,10)}
    (with seed 8025487)
{(0,1), (0,2), (0,3), (0,4), (0,8), (0,9), (0,11), (1,0), (1,1), (1,2), (1,5), (1,7), (1,8), (1,9), (1,10)}
    (with seed 8026910)
{(0,0), (0,2), (0,3), (0,4), (0,7), (0,9), (0,10), (1,1), (1,2), (1,4), (1,8), (1,9), (1,11)}
    (with seed 11626141)
{(0,1), (0,3), (0,4), (0,5), (0,8), (0,10), (0,11), (1,1), (1,2), (1,4), (1,8), (1,9), (1,11)}
    (with seed 11627834)
{(0,0), (0,2), (0,3), (0,4), (0,7), (0,9), (0,10), (0,11), (1,1), (1,2), (1,4), (1,8), (1,9), (1,11)}
    (with seed 11628189)
{(0,0), (0,1), (0,2), (0,5), (0,7), (0,8), (0,10), (0,11), (1,0), (1,1), (1,3), (1,4), (1,8), (1,9), (1,11)}
    (with seed 11648423)
{(0,0), (0,1), (0,2), (0,5), (0,7), (0,9), (0,10), (0,11), (1,0), (1,1), (1,3), (1,4), (1,8), (1,9), (1,11)}
    (with seed 11648679)
{(0,0), (0,1), (0,2), (0,5), (0,7), (0,8), (0,9), (0,10), (0,11), (1,0), (1,1), (1,3), (1,4), (1,8), (1,9), (1,11)}
    (with seed 11648935)
{(0,0), (0,1), (0,2), (0,5), (0,7), (0,8), (0,9), (0,10), (1,1), (1,2), (1,3), (1,4), (1,8), (1,9), (1,11)}
    (with seed 11659175)
{(0,1), (0,2), (0,3), (0,6), (0,8), (0,9), (0,10), (0,11), (1,1), (1,2), (1,3), (1,4), (1,8), (1,9), (1,11)}
    (with seed 11661134)
{(0,0), (0,1), (0,2), (0,5), (0,7), (0,8), (0,10), (0,11), (1,0), (1,1), (1,2), (1,3), (1,4), (1,8), (1,9), (1,11)}
    (with seed 11664807)
{(0,0), (0,1), (0,2), (0,5), (0,7), (0,9), (0,10), (0,11), (1,0), (1,1), (1,2), (1,3), (1,4), (1,8), (1,9), (1,11)}
    (with seed 11665063)
{(0,0), (0,1), (0,2), (0,5), (0,8), (0,9), (0,10), (0,11), (1,0), (1,1), (1,2), (1,3), (1,4), (1,8), (1,9), (1,11)}
    (with seed 11665191)
{(0,0), (0,1), (0,2), (0,5), (0,7), (0,8), (0,9), (0,10), (0,11), (1,0), (1,1), (1,2), (1,3), (1,4), (1,8), (1,9), (1,11)}
    (with seed 11665319)
{(0,0), (0,2), (0,3), (0,7), (0,9), (0,10), (1,1), (1,2), (1,4), (1,7), (1,8), (1,9), (1,11)}
    (with seed 12150413)
{(0,1), (0,3), (0,4), (0,8), (0,10), (0,11), (1,1), (1,2), (1,4), (1,7), (1,8), (1,9), (1,11)}
    (with seed 12152090)
{(0,0), (0,2), (0,3), (0,7), (0,9), (0,10), (1,0), (1,1), (1,2), (1,4), (1,7), (1,8), (1,9), (1,11)}
    (with seed 12154509)
{(0,1), (0,3), (0,4), (0,8), (0,10), (0,11), (1,0), (1,1), (1,2), (1,4), (1,7), (1,8), (1,9), (1,11)}
    (with seed 12156186)
{(0,0), (0,1), (0,3), (0,5), (0,6), (0,9), (0,10), (0,11), (1,0), (1,1), (1,2), (1,5), (1,7), (1,10), (1,11)}
    (with seed 13270635)
{(0,0), (0,1), (0,3), (0,6), (0,7), (0,8), (0,10), (1,1), (1,3), (1,4), (1,8), (1,10), (1,11)}
    (with seed 13739467)
{(0,1), (0,2), (0,4), (0,7), (0,8), (0,9), (0,11), (1,1), (1,3), (1,4), (1,8), (1,10), (1,11)}
    (with seed 13740950)
{(0,0), (0,1), (0,2), (0,4), (0,7), (0,8), (0,9), (0,11), (1,1), (1,3), (1,4), (1,8), (1,10), (1,11)}
    (with seed 13740951)
{(0,0), (0,1), (0,2), (0,4), (0,7), (0,8), (0,10), (0,11), (1,0), (1,1), (1,3), (1,4), (1,8), (1,10), (1,11)}
    (with seed 13745559)
{(0,0), (0,1), (0,3), (0,6), (0,9), (0,10), (0,11), (1,0), (1,1), (1,3), (1,4), (1,8), (1,10), (1,11)}
    (with seed 13745739)
{(0,0), (0,1), (0,2), (0,3), (0,6), (0,9), (0,10), (0,11), (1,0), (1,1), (1,3), (1,4), (1,8), (1,10), (1,11)}
    (with seed 13745743)
{(0,0), (0,1), (0,2), (0,4), (0,7), (0,8), (0,9), (0,10), (0,11), (1,0), (1,1), (1,3), (1,4), (1,8), (1,10), (1,11)}
    (with seed 13746071)
{(0,0), (0,1), (0,2), (0,4), (0,7), (0,8), (0,9), (0,10), (1,1), (1,2), (1,3), (1,4), (1,8), (1,10), (1,11)}
    (with seed 13756311)
{(0,1), (0,2), (0,3), (0,5), (0,8), (0,9), (0,10), (0,11), (1,1), (1,2), (1,3), (1,4), (1,8), (1,10), (1,11)}
    (with seed 13758254)
{(0,0), (0,1), (0,2), (0,4), (0,7), (0,8), (0,10), (0,11), (1,0), (1,1), (1,2), (1,3), (1,4), (1,8), (1,10), (1,11)}
    (with seed 13761943)
{(0,0), (0,1), (0,2), (0,4), (0,7), (0,8), (0,9), (0,10), (0,11), (1,0), (1,1), (1,2), (1,3), (1,4), (1,8), (1,10), (1,11)}
    (with seed 13762455)
{(0,0), (0,1), (0,3), (0,7), (0,8), (0,10), (0,11), (1,0), (1,1), (1,2), (1,5), (1,8), (1,10), (1,11)}
    (with seed 13794699)
{(0,0), (0,1), (0,3), (0,7), (0,8), (0,10), (1,1), (1,3), (1,4), (1,5), (1,8), (1,10), (1,11)}
    (with seed 13870475)
{(0,1), (0,2), (0,4), (0,8), (0,9), (0,11), (1,1), (1,3), (1,4), (1,5), (1,8), (1,10), (1,11)}
    (with seed 13871894)
{(0,0), (0,1), (0,4), (0,6), (0,9), (0,10), (0,11), (1,0), (1,1), (1,2), (1,5), (1,6), (1,8), (1,10), (1,11)}
    (with seed 14057043)
{(0,0), (0,1), (0,2), (0,5), (0,8), (0,10), (0,11), (1,0), (1,1), (1,3), (1,7), (1,8), (1,10), (1,11)}
    (with seed 14204199)
{(0,0), (0,1), (0,3), (0,4), (0,7), (0,9), (0,10), (0,11), (1,0), (1,1), (1,3), (1,7), (1,8), (1,10), (1,11)}
    (with seed 14204571)
{(0,0), (0,1), (0,2), (0,3), (0,4), (0,7), (0,9), (0,10), (0,11), (1,0), (1,1), (1,3), (1,7), (1,8), (1,10), (1,11)}
    (with seed 14204575)
{(0,0), (0,1), (0,2), (0,5), (0,8), (0,9), (0,10), (0,11), (1,0), (1,1), (1,3), (1,7), (1,8), (1,10), (1,11)}
    (with seed 14204711)
{(0,0), (0,1), (0,2), (0,4), (0,6), (0,9), (0,10), (0,11), (1,0), (1,2), (1,3), (1,7), (1,8), (1,10), (1,11)}
    (with seed 14212695)
{(0,0), (0,1), (0,3), (0,4), (0,6), (0,9), (0,10), (0,11), (1,0), (1,2), (1,3), (1,7), (1,8), (1,10), (1,11)}
    (with seed 14212699)
{(0,0), (0,1), (0,2), (0,3), (0,4), (0,6), (0,9), (0,10), (0,11), (1,0), (1,2), (1,3), (1,7), (1,8), (1,10), (1,11)}
    (with seed 14212703)
{(0,0), (0,1), (0,2), (0,5), (0,8), (0,9), (0,10), (0,11), (1,0), (1,1), (1,2), (1,3), (1,7), (1,8), (1,10), (1,11)}
    (with seed 14221095)
{(0,0), (0,1), (0,3), (0,4), (0,8), (0,10), (0,11), (1,0), (1,1), (1,2), (1,4), (1,7), (1,8), (1,10), (1,11)}
    (with seed 14253339)
{(0,0), (0,1), (0,2), (0,3), (0,4), (0,8), (0,10), (0,11), (1,0), (1,1), (1,2), (1,4), (1,7), (1,8), (1,10), (1,11)}
    (with seed 14253343)
{(0,0), (0,1), (0,3), (0,4), (0,8), (0,9), (0,11), (1,0), (1,1), (1,2), (1,5), (1,7), (1,8), (1,10), (1,11)}
    (with seed 14318363)
{(0,0), (0,1), (0,2), (0,3), (0,4), (0,8), (0,9), (0,11), (1,0), (1,1), (1,2), (1,5), (1,7), (1,8), (1,10), (1,11)}
    (with seed 14318367)
{(0,0), (0,1), (0,2), (0,6), (0,7), (0,9), (0,10), (0,11), (1,0), (1,1), (1,2), (1,5), (1,9), (1,10), (1,11)}
    (with seed 14843591)
{(0,0), (0,1), (0,2), (0,6), (0,9), (0,10), (0,11), (1,0), (1,1), (1,2), (1,4), (1,5), (1,9), (1,10), (1,11)}
    (with seed 14908999)
{(0,0), (0,1), (0,2), (0,4), (0,5), (0,9), (0,10), (0,11), (1,0), (1,1), (1,2), (1,6), (1,9), (1,10), (1,11)}
    (with seed 14974519)
{(0,0), (0,1), (0,3), (0,4), (0,8), (0,10), (0,11), (1,0), (1,1), (1,3), (1,6), (1,9), (1,10), (1,11)}
    (with seed 14990619)
{(0,0), (0,1), (0,3), (0,4), (0,8), (0,10), (0,11), (1,0), (1,1), (1,2), (1,3), (1,6), (1,9), (1,10), (1,11)}
    (with seed 15007003)
{(0,0), (0,1), (0,3), (0,4), (0,8), (0,9), (0,10), (0,11), (1,0), (1,1), (1,2), (1,3), (1,6), (1,9), (1,10), (1,11)}
    (with seed 15007515)
{(0,0), (0,2), (0,3), (0,7), (0,8), (0,9), (0,10), (0,11), (1,0), (1,1), (1,2), (1,3), (1,6), (1,9), (1,10), (1,11)}
    (with seed 15007629)
{(0,0), (0,1), (0,2), (0,5), (0,6), (0,8), (0,10), (0,11), (1,0), (1,1), (1,4), (1,6), (1,9), (1,10), (1,11)}
    (with seed 15023463)
{(0,0), (0,2), (0,3), (0,7), (0,8), (0,10), (0,11), (1,0), (1,1), (1,2), (1,4), (1,6), (1,9), (1,10), (1,11)}
    (with seed 15039885)
{(0,0), (0,2), (0,3), (0,7), (0,8), (0,9), (0,10), (0,11), (1,0), (1,1), (1,2), (1,4), (1,6), (1,9), (1,10), (1,11)}
    (with seed 15040397)
{(0,0), (0,2), (0,3), (0,7), (0,8), (0,10), (0,11), (1,0), (1,1), (1,3), (1,4), (1,6), (1,9), (1,10), (1,11)}
    (with seed 15056269)
{(0,0), (0,2), (0,3), (0,7), (0,8), (0,9), (0,10), (0,11), (1,0), (1,1), (1,3), (1,4), (1,6), (1,9), (1,10), (1,11)}
    (with seed 15056781)
{(0,0), (0,2), (0,3), (0,7), (0,8), (0,9), (0,10), (1,1), (1,2), (1,3), (1,4), (1,6), (1,9), (1,10), (1,11)}
    (with seed 15067021)
{(0,1), (0,3), (0,4), (0,8), (0,9), (0,10), (0,11), (1,1), (1,2), (1,3), (1,4), (1,6), (1,9), (1,10), (1,11)}
    (with seed 15068954)
{(0,0), (0,2), (0,3), (0,7), (0,8), (0,10), (0,11), (1,0), (1,1), (1,2), (1,3), (1,4), (1,6), (1,9), (1,10), (1,11)}
    (with seed 15072653)
{(0,0), (0,2), (0,3), (0,7), (0,8), (0,9), (0,10), (0,11), (1,0), (1,1), (1,2), (1,3), (1,4), (1,6), (1,9), (1,10), (1,11)}
    (with seed 15073165)
{(0,0), (0,1), (0,2), (0,5), (0,7), (0,10), (0,11), (1,0), (1,1), (1,3), (1,5), (1,6), (1,9), (1,10), (1,11)}
    (with seed 15121575)
{(0,0), (0,1), (0,3), (0,7), (0,8), (0,10), (0,11), (1,0), (1,1), (1,3), (1,4), (1,7), (1,9), (1,10), (1,11)}
    (with seed 15318411)
{(0,0), (0,1), (0,3), (0,7), (0,8), (0,9), (0,10), (0,11), (1,0), (1,1), (1,3), (1,4), (1,7), (1,9), (1,10), (1,11)}
    (with seed 15318923)
{(0,0), (0,1), (0,3), (0,7), (0,8), (0,10), (1,0), (1,2), (1,3), (1,4), (1,7), (1,9), (1,10), (1,11)}
    (with seed 15324555)
{(0,1), (0,2), (0,4), (0,8), (0,9), (0,11), (1,0), (1,2), (1,3), (1,4), (1,7), (1,9), (1,10), (1,11)}
    (with seed 15325974)
{(0,0), (0,1), (0,3), (0,7), (0,8), (0,9), (0,10), (1,1), (1,2), (1,3), (1,4), (1,7), (1,9), (1,10), (1,11)}
    (with seed 15329163)
{(0,1), (0,2), (0,4), (0,8), (0,9), (0,10), (0,11), (1,1), (1,2), (1,3), (1,4), (1,7), (1,9), (1,10), (1,11)}
    (with seed 15331094)
{(0,0), (0,1), (0,3), (0,7), (0,8), (0,10), (0,11), (1,0), (1,1), (1,2), (1,3), (1,4), (1,7), (1,9), (1,10), (1,11)}
    (with seed 15334795)
{(0,0), (0,1), (0,3), (0,7), (0,8), (0,9), (0,10), (0,11), (1,0), (1,1), (1,2), (1,3), (1,4), (1,7), (1,9), (1,10), (1,11)}
    (with seed 15335307)
{(0,0), (0,1), (0,3), (0,4), (0,8), (0,9), (0,11), (1,0), (1,1), (1,2), (1,5), (1,7), (1,9), (1,10), (1,11)}
    (with seed 15366939)
{(0,0), (0,1), (0,2), (0,3), (0,4), (0,8), (0,9), (0,11), (1,0), (1,1), (1,2), (1,5), (1,7), (1,9), (1,10), (1,11)}
    (with seed 15366943)
{(0,0), (0,1), (0,2), (0,5), (0,9), (0,10), (0,11), (1,0), (1,1), (1,2), (1,6), (1,7), (1,9), (1,10), (1,11)}
    (with seed 15498791)
{(0,0), (0,1), (0,2), (0,3), (0,6), (0,8), (0,9), (0,10), (1,1), (1,2), (1,4), (1,8), (1,9), (1,10), (1,11)}
    (with seed 15820623)
{(0,1), (0,2), (0,3), (0,4), (0,7), (0,9), (0,10), (0,11), (1,1), (1,2), (1,4), (1,8), (1,9), (1,10), (1,11)}
    (with seed 15822494)
{(0,0), (0,1), (0,2), (0,3), (0,5), (0,8), (0,9), (0,10), (1,1), (1,3), (1,4), (1,8), (1,9), (1,10), (1,11)}
    (with seed 15836975)
{(0,1), (0,2), (0,3), (0,4), (0,6), (0,9), (0,10), (0,11), (1,1), (1,3), (1,4), (1,8), (1,9), (1,10), (1,11)}
    (with seed 15838814)
{(0,0), (0,1), (0,2), (0,3), (0,6), (0,9), (0,10), (0,11), (1,0), (1,1), (1,3), (1,4), (1,8), (1,9), (1,10), (1,11)}
    (with seed 15842895)
{(0,0), (0,1), (0,2), (0,3), (0,4), (0,8), (0,9), (0,11), (1,0), (1,1), (1,2), (1,5), (1,8), (1,9), (1,10), (1,11)}
    (with seed 15891231)
{(0,0), (0,1), (0,3), (0,7), (0,8), (0,10), (0,11), (1,0), (1,1), (1,2), (1,5), (1,8), (1,9), (1,10), (1,11)}
    (with seed 15891851)
{(0,0), (0,1), (0,2), (0,3), (0,7), (0,8), (0,10), (0,11), (1,0), (1,1), (1,2), (1,5), (1,8), (1,9), (1,10), (1,11)}
    (with seed 15891855)
{(0,0), (0,1), (0,2), (0,3), (0,7), (0,9), (0,10), (1,1), (1,2), (1,3), (1,5), (1,8), (1,9), (1,10), (1,11)}
    (with seed 15918735)
{(0,1), (0,2), (0,3), (0,4), (0,8), (0,10), (0,11), (1,1), (1,2), (1,3), (1,5), (1,8), (1,9), (1,10), (1,11)}
    (with seed 15920414)
{(0,0), (0,1), (0,2), (0,3), (0,7), (0,8), (0,10), (1,1), (1,2), (1,3), (1,6), (1,8), (1,9), (1,10), (1,11)}
    (with seed 16049551)
{(0,1), (0,2), (0,3), (0,4), (0,8), (0,9), (0,11), (1,1), (1,2), (1,3), (1,6), (1,8), (1,9), (1,10), (1,11)}
    (with seed 16050974)
{(0,0), (0,1), (0,3), (0,4), (0,7), (0,9), (0,10), (0,11), (1,0), (1,1), (1,3), (1,7), (1,8), (1,9), (1,10), (1,11)}
    (with seed 16301723)
{(0,0), (0,1), (0,2), (0,3), (0,4), (0,7), (0,9), (0,10), (0,11), (1,0), (1,1), (1,3), (1,7), (1,8), (1,9), (1,10), (1,11)}
    (with seed 16301727)
{(0,0), (0,1), (0,2), (0,3), (0,6), (0,9), (0,10), (0,11), (1,0), (1,2), (1,3), (1,7), (1,8), (1,9), (1,10), (1,11)}
    (with seed 16309839)
{(0,0), (0,1), (0,2), (0,4), (0,6), (0,9), (0,10), (0,11), (1,0), (1,2), (1,3), (1,7), (1,8), (1,9), (1,10), (1,11)}
    (with seed 16309847)
{(0,0), (0,1), (0,3), (0,4), (0,6), (0,9), (0,10), (0,11), (1,0), (1,2), (1,3), (1,7), (1,8), (1,9), (1,10), (1,11)}
    (with seed 16309851)
{(0,0), (0,1), (0,2), (0,3), (0,4), (0,6), (0,9), (0,10), (0,11), (1,0), (1,2), (1,3), (1,7), (1,8), (1,9), (1,10), (1,11)}
    (with seed 16309855)
{(0,0), (0,1), (0,3), (0,4), (0,8), (0,10), (0,11), (1,0), (1,1), (1,2), (1,4), (1,7), (1,8), (1,9), (1,10), (1,11)}
    (with seed 16350491)
{(0,0), (0,1), (0,2), (0,3), (0,4), (0,8), (0,10), (0,11), (1,0), (1,1), (1,2), (1,4), (1,7), (1,8), (1,9), (1,10), (1,11)}
    (with seed 16350495)
{(0,0), (0,1), (0,3), (0,4), (0,8), (0,9), (0,11), (1,0), (1,1), (1,2), (1,5), (1,7), (1,8), (1,9), (1,10), (1,11)}
    (with seed 16415515)
{(0,0), (0,1), (0,2), (0,3), (0,4), (0,8), (0,9), (0,11), (1,0), (1,1), (1,2), (1,5), (1,7), (1,8), (1,9), (1,10), (1,11)}
    (with seed 16415519)
