thread id 0 searching from 0 to 16777216.
{(0,3), (0,5), (0,7), (1,0), (1,1), (1,2), (1,6), (1,7), (2,0), (2,2), (2,4)}
    (with seed 1427368)
{(0,3), (0,5), (0,7), (1,0), (1,1), (1,5), (1,6), (1,7), (2,0), (2,2), (2,4)}
    (with seed 1434536)
{(0,2), (0,4), (0,6), (1,0), (1,1), (1,2), (1,6), (1,7), (2,1), (2,3), (2,5)}
    (with seed 2803540)
{(0,2), (0,4), (0,6), (1,0), (1,1), (1,5), (1,6), (1,7), (2,1), (2,3), (2,5)}
    (with seed 2810708)
{(0,1), (0,3), (0,5), (1,0), (1,1), (1,2), (1,6), (1,7), (2,2), (2,4), (2,6)}
    (with seed 5556010)
{(0,1), (0,3), (0,5), (1,0), (1,1), (1,5), (1,6), (1,7), (2,2), (2,4), (2,6)}
    (with seed 5563178)
{(0,1), (0,3), (0,5), (0,7), (1,0), (1,1), (1,2), (1,6), (1,7), (2,0), (2,2), (2,4), (2,6)}
    (with seed 5621674)
{(0,1), (0,3), (0,5), (0,7), (1,0), (1,1), (1,5), (1,6), (1,7), (2,0), (2,2), (2,4), (2,6)}
    (with seed 5628842)
{(0,0), (0,2), (0,4), (1,0), (1,1), (1,2), (1,6), (1,7), (2,3), (2,5), (2,7)}
    (with seed 11061013)
{(0,0), (0,2), (0,4), (1,0), (1,1), (1,5), (1,6), (1,7), (2,3), (2,5), (2,7)}
    (with seed 11068181)
{(0,0), (0,2), (0,4), (0,6), (1,0), (1,1), (1,2), (1,6), (1,7), (2,1), (2,3), (2,5), (2,7)}
    (with seed 11192149)
{(0,0), (0,2), (0,4), (0,6), (1,0), (1,1), (1,5), (1,6), (1,7), (2,1), (2,3), (2,5), (2,7)}
    (with seed 11199317)
