thread id 0 searching from 0 to 16777216.
{(0,1), (0,3), (0,4), (0,5), (1,0), (1,4), (1,5), (2,0), (2,1), (2,4), (3,0), (3,1), (3,3)}
    (with seed 2964602)
{(0,1), (0,2), (0,3), (0,5), (1,0), (1,1), (1,5), (2,0), (2,3), (2,4), (3,0), (3,2), (3,3)}
    (with seed 3512558)
{(0,2), (0,3), (0,5), (1,0), (1,1), (1,2), (1,5), (2,0), (2,4), (2,5), (3,0), (3,2), (3,3)}
    (with seed 3611116)
{(0,2), (0,3), (0,5), (1,0), (1,1), (1,5), (2,0), (2,3), (2,4), (2,5), (3,0), (3,2), (3,3)}
    (with seed 3643628)
{(0,1), (0,2), (0,3), (0,5), (1,0), (1,1), (1,5), (2,0), (2,3), (2,4), (2,5), (3,0), (3,2), (3,3)}
    (with seed 3643630)
{(0,2), (0,4), (0,5), (1,1), (1,4), (1,5), (2,0), (2,1), (2,5), (3,0), (3,1), (3,2), (3,4)}
    (with seed 6175924)
{(0,0), (0,2), (0,4), (0,5), (1,1), (1,4), (1,5), (2,0), (2,1), (2,5), (3,0), (3,1), (3,2), (3,4)}
    (with seed 6175925)
{(0,2), (0,3), (0,5), (1,1), (1,2), (1,5), (2,0), (2,4), (2,5), (3,0), (3,2), (3,3), (3,4)}
    (with seed 7805356)
{(0,2), (0,3), (0,5), (1,0), (1,1), (1,2), (1,5), (2,0), (2,4), (2,5), (3,0), (3,2), (3,3), (3,4)}
    (with seed 7805420)
{(0,1), (0,3), (0,4), (0,5), (1,0), (1,4), (1,5), (2,0), (2,1), (2,4), (3,0), (3,1), (3,3), (3,5)}
    (with seed 11353210)
{(0,0), (0,2), (0,3), (1,0), (1,3), (1,4), (1,5), (2,0), (2,1), (2,5), (3,2), (3,3), (3,5)}
    (with seed 11681357)
{(0,0), (0,2), (0,3), (0,4), (1,0), (1,4), (1,5), (2,1), (2,2), (2,5), (3,2), (3,3), (3,5)}
    (with seed 11693149)
{(0,0), (0,2), (0,3), (1,0), (1,4), (1,5), (2,0), (2,1), (2,2), (2,5), (3,2), (3,3), (3,5)}
    (with seed 11697229)
{(0,0), (0,2), (0,3), (0,4), (1,0), (1,4), (1,5), (2,0), (2,1), (2,2), (2,5), (3,2), (3,3), (3,5)}
    (with seed 11697245)
{(0,0), (0,2), (0,3), (1,0), (1,3), (1,4), (2,0), (2,1), (2,5), (3,1), (3,2), (3,3), (3,5)}
    (with seed 12203597)
{(0,0), (0,2), (0,3), (1,0), (1,3), (1,4), (1,5), (2,0), (2,1), (2,5), (3,1), (3,2), (3,3), (3,5)}
    (with seed 12205645)
{(0,0), (0,1), (0,2), (0,4), (1,0), (1,1), (1,5), (2,1), (2,4), (2,5), (3,2), (3,4), (3,5)}
    (with seed 13838551)
{(0,0), (0,1), (0,2), (0,4), (1,0), (1,1), (1,5), (2,1), (2,4), (2,5), (3,0), (3,2), (3,4), (3,5)}
    (with seed 14100695)
{(0,0), (0,1), (0,2), (0,4), (0,5), (1,1), (1,4), (1,5), (2,0), (2,1), (2,5), (3,0), (3,1), (3,2), (3,4), (3,5)}
    (with seed 14564535)
{(0,0), (0,1), (0,2), (0,4), (0,5), (1,0), (1,1), (1,5), (2,1), (2,4), (2,5), (3,0), (3,1), (3,2), (3,4), (3,5)}
    (with seed 14625015)
{(0,0), (0,1), (0,3), (1,0), (1,1), (1,4), (2,0), (2,4), (2,5), (3,1), (3,3), (3,4), (3,5)}
    (with seed 15406283)
{(0,0), (0,1), (0,3), (0,5), (1,0), (1,1), (1,4), (2,0), (2,4), (2,5), (3,1), (3,3), (3,4), (3,5)}
    (with seed 15406315)
{(0,0), (0,1), (0,3), (0,4), (0,5), (1,0), (1,4), (1,5), (2,0), (2,1), (2,4), (3,0), (3,1), (3,3), (3,4), (3,5)}
    (with seed 15547515)
{(0,0), (0,1), (0,3), (0,4), (0,5), (1,0), (1,1), (1,4), (2,0), (2,4), (2,5), (3,0), (3,1), (3,3), (3,4), (3,5)}
    (with seed 15668475)
