{(0,2), (0,3), (1,0), (1,1), (1,4), (2,0), (2,1), (2,4), (3,0), (3,3), (3,4), (4,1), (4,2)}
    (with seed 7130732)
{(0,2), (0,3), (1,0), (1,1), (1,4), (2,0), (2,3), (2,4), (3,0), (3,3), (3,4), (4,1), (4,2)}
    (with seed 7136876)
{(0,1), (0,2), (1,0), (1,3), (1,4), (2,0), (2,1), (2,4), (3,0), (3,1), (3,4), (4,2), (4,3)}
    (with seed 13225766)
{(0,1), (0,2), (1,0), (1,3), (1,4), (2,0), (2,3), (2,4), (3,0), (3,1), (3,4), (4,2), (4,3)}
    (with seed 13231910)
{(0,1), (0,2), (0,3), (1,1), (1,2), (1,4), (2,0), (2,4), (3,0), (3,3), (4,1), (4,2), (4,3)}
    (with seed 14993102)
{(0,1), (0,2), (0,3), (1,1), (1,4), (2,0), (2,4), (3,0), (3,2), (3,3), (4,1), (4,2), (4,3)}
    (with seed 15124046)
{(0,1), (0,2), (0,3), (1,0), (1,2), (1,3), (2,0), (2,4), (3,1), (3,4), (4,1), (4,2), (4,3)}
    (with seed 15287726)
{(0,1), (0,2), (0,3), (1,0), (1,3), (2,0), (2,4), (3,1), (3,2), (3,4), (4,1), (4,2), (4,3)}
    (with seed 15418670)
{(0,0), (0,1), (0,2), (0,4), (1,0), (1,3), (1,4), (2,1), (3,0), (3,3), (3,4), (4,0), (4,1), (4,2), (4,4)}
    (with seed 24939319)
{(0,0), (0,1), (0,2), (0,3), (0,4), (1,0), (1,3), (1,4), (2,1), (3,0), (3,3), (3,4), (4,0), (4,1), (4,2), (4,4)}
    (with seed 24939327)
{(0,0), (0,1), (0,2), (0,3), (0,4), (1,0), (1,3), (1,4), (2,1), (3,0), (3,1), (3,3), (3,4), (4,0), (4,1), (4,2), (4,4)}
    (with seed 25004863)
{(0,0), (0,1), (0,3), (0,4), (1,0), (1,2), (1,4), (2,0), (2,4), (3,1), (3,3), (4,0), (4,1), (4,3), (4,4)}
    (with seed 28657339)
{(0,0), (0,1), (0,3), (0,4), (1,0), (1,2), (1,4), (2,0), (2,4), (3,0), (3,1), (3,3), (4,0), (4,1), (4,3), (4,4)}
    (with seed 28690107)
{(0,0), (0,1), (0,3), (0,4), (1,0), (1,2), (1,3), (1,4), (2,0), (2,4), (3,0), (3,1), (3,3), (4,0), (4,1), (4,3), (4,4)}
    (with seed 28690363)
{(0,0), (0,1), (0,3), (0,4), (1,1), (1,3), (2,0), (2,4), (3,0), (3,2), (3,4), (4,0), (4,1), (4,3), (4,4)}
    (with seed 29017435)
{(0,0), (0,1), (0,3), (0,4), (1,0), (1,1), (1,3), (2,0), (2,4), (3,0), (3,2), (3,4), (4,0), (4,1), (4,3), (4,4)}
    (with seed 29017467)
{(0,0), (0,1), (0,3), (0,4), (1,1), (1,3), (1,4), (2,0), (2,4), (3,0), (3,2), (3,4), (4,0), (4,1), (4,3), (4,4)}
    (with seed 29017947)
{(0,0), (0,1), (0,3), (0,4), (1,1), (1,3), (1,4), (2,0), (2,4), (3,0), (3,1), (3,2), (3,4), (4,0), (4,1), (4,3), (4,4)}
    (with seed 29083483)
{(0,0), (0,1), (0,3), (0,4), (1,0), (1,2), (1,4), (2,0), (2,4), (3,1), (3,3), (3,4), (4,0), (4,1), (4,3), (4,4)}
    (with seed 29181627)
{(0,0), (0,1), (0,3), (0,4), (1,0), (1,1), (1,2), (1,4), (2,0), (2,4), (3,1), (3,3), (3,4), (4,0), (4,1), (4,3), (4,4)}
    (with seed 29181691)
{(0,0), (0,1), (0,3), (0,4), (1,0), (1,1), (1,3), (2,0), (2,4), (3,0), (3,2), (3,3), (3,4), (4,0), (4,1), (4,3), (4,4)}
    (with seed 29279611)
{(0,0), (0,2), (0,3), (0,4), (1,0), (1,1), (1,4), (2,3), (3,0), (3,1), (3,4), (4,0), (4,2), (4,3), (4,4)}
    (with seed 31040125)
{(0,0), (0,1), (0,2), (0,3), (0,4), (1,0), (1,1), (1,4), (2,3), (3,0), (3,1), (3,4), (4,0), (4,2), (4,3), (4,4)}
    (with seed 31040127)
{(0,0), (0,1), (0,2), (0,3), (0,4), (1,0), (1,1), (1,4), (2,3), (3,0), (3,1), (3,3), (3,4), (4,0), (4,2), (4,3), (4,4)}
    (with seed 31302271)
{(0,0), (0,2), (0,3), (0,4), (1,0), (1,1), (1,4), (2,3), (3,0), (3,1), (3,4), (4,0), (4,1), (4,2), (4,3), (4,4)}
    (with seed 33137277)
{(0,0), (0,2), (0,3), (0,4), (1,0), (1,1), (1,3), (1,4), (2,3), (3,0), (3,1), (3,4), (4,0), (4,1), (4,2), (4,3), (4,4)}
    (with seed 33137533)
{(0,0), (0,1), (0,2), (0,4), (1,0), (1,3), (1,4), (2,1), (3,0), (3,3), (3,4), (4,0), (4,1), (4,2), (4,3), (4,4)}
    (with seed 33327927)
{(0,0), (0,1), (0,2), (0,4), (1,0), (1,1), (1,3), (1,4), (2,1), (3,0), (3,3), (3,4), (4,0), (4,1), (4,2), (4,3), (4,4)}
    (with seed 33327991)
